2022-07-04 07:00:53 INFO  ds-algo:19 - Getstarted is clicked
  2022-07-04 07:00:53 INFO  ds-algo:19 - Getstarted is clicked
  2022-07-04 07:07:37 INFO  ds-algo:19 - Getstarted is clicked
  2022-07-04 07:08:36 INFO  ds-algo:19 - Getstarted is clicked
  2022-07-05 12:19:51 INFO  ds-algo:19 - Getstarted is clicked
  2022-07-05 12:29:29 INFO  ds-algo:19 - Getstarted is clicked
  2022-07-05 12:39:35 INFO  ds-algo:19 - Getstarted is clicked
  2022-07-05 12:40:06 INFO  ds-algo:26 - Tree page is clicked
  2022-07-05 12:55:36 INFO  ds-algo:19 - Getstarted is clicked
  2022-07-05 12:55:43 INFO  ds-algo:20 - user is on login page
  2022-07-05 12:55:44 INFO  ds-algo:24 - user read data from excel
  2022-07-05 12:55:46 INFO  ds-algo:20 - user is on login page
  2022-07-05 12:55:47 INFO  ds-algo:24 - user read data from excel
  2022-07-05 12:55:49 INFO  ds-algo:20 - user is on login page
  2022-07-05 12:55:49 INFO  ds-algo:24 - user read data from excel
  2022-07-05 12:55:51 INFO  ds-algo:20 - user is on login page
  2022-07-05 12:55:52 INFO  ds-algo:24 - user read data from excel
  2022-07-05 12:55:57 INFO  ds-algo:28 - user is on Array page
  2022-07-05 12:56:01 INFO  ds-algo:53 - All array links are clicked
  2022-07-05 12:56:06 INFO  ds-algo:26 - Tree page is clicked
  2022-07-05 12:56:18 INFO  ds-algo:93 - All Treepages links are clicked
  2022-07-05 12:57:50 INFO  ds-algo:20 - user is on login page
  2022-07-05 12:57:51 INFO  ds-algo:24 - user read data from excel
  2022-07-05 12:57:53 INFO  ds-algo:20 - user is on login page
  2022-07-05 12:57:54 INFO  ds-algo:24 - user read data from excel
  2022-07-05 12:57:56 INFO  ds-algo:20 - user is on login page
  2022-07-05 12:57:56 INFO  ds-algo:24 - user read data from excel
  2022-07-05 12:57:59 INFO  ds-algo:20 - user is on login page
  2022-07-05 12:58:00 INFO  ds-algo:24 - user read data from excel
  2022-07-05 13:07:24 INFO  ds-algo:19 - Getstarted is clicked
  2022-07-05 13:07:31 INFO  ds-algo:20 - user is on login page
  2022-07-05 13:07:33 INFO  ds-algo:24 - user read data from excel
  2022-07-05 13:07:35 INFO  ds-algo:20 - user is on login page
  2022-07-05 13:07:36 INFO  ds-algo:24 - user read data from excel
  2022-07-05 13:07:38 INFO  ds-algo:20 - user is on login page
  2022-07-05 13:07:38 INFO  ds-algo:24 - user read data from excel
  2022-07-05 13:07:41 INFO  ds-algo:20 - user is on login page
  2022-07-05 13:07:42 INFO  ds-algo:24 - user read data from excel
  2022-07-05 13:07:48 INFO  ds-algo:28 - user is on Array page
  2022-07-05 13:07:54 INFO  ds-algo:53 - All array links are clicked
  2022-07-05 13:08:01 INFO  ds-algo:26 - Tree page is clicked
  2022-07-05 13:08:12 INFO  ds-algo:93 - All Treepages links are clicked
  2022-07-05 14:26:03 INFO  ds-algo:19 - Getstarted is clicked
  2022-07-05 14:26:12 INFO  ds-algo:20 - user is on login page
  2022-07-05 14:26:13 INFO  ds-algo:24 - user read data from excel
  2022-07-05 14:26:15 INFO  ds-algo:20 - user is on login page
  2022-07-05 14:26:15 INFO  ds-algo:24 - user read data from excel
  2022-07-05 14:26:18 INFO  ds-algo:20 - user is on login page
  2022-07-05 14:26:18 INFO  ds-algo:24 - user read data from excel
  2022-07-05 14:26:21 INFO  ds-algo:20 - user is on login page
  2022-07-05 14:26:22 INFO  ds-algo:24 - user read data from excel
  2022-07-05 14:26:27 INFO  ds-algo:28 - user is on Array page
  2022-07-05 14:26:32 INFO  ds-algo:53 - All array links are clicked
  2022-07-05 14:26:38 INFO  ds-algo:26 - Tree page is clicked
  2022-07-05 14:26:52 INFO  ds-algo:93 - All Treepages links are clicked
  2022-07-05 18:40:12 INFO  ds-algo:19 - Getstarted is clicked
  2022-07-05 18:40:23 INFO  ds-algo:20 - user is on login page
  2022-07-05 18:40:24 INFO  ds-algo:24 - user read data from excel
  2022-07-05 18:40:27 INFO  ds-algo:20 - user is on login page
  2022-07-05 18:40:28 INFO  ds-algo:24 - user read data from excel
  2022-07-05 18:40:31 INFO  ds-algo:20 - user is on login page
  2022-07-05 18:40:32 INFO  ds-algo:24 - user read data from excel
  2022-07-05 18:40:35 INFO  ds-algo:20 - user is on login page
  2022-07-05 18:40:36 INFO  ds-algo:24 - user read data from excel
  2022-07-05 18:40:44 INFO  ds-algo:28 - user is on Array page
  2022-07-05 18:40:51 INFO  ds-algo:53 - All array links are clicked
  2022-07-05 18:41:00 INFO  ds-algo:26 - Tree page is clicked
  2022-07-05 18:41:18 INFO  ds-algo:93 - All Treepages links are clicked
  2022-07-05 18:43:12 INFO  ds-algo:26 - Tree page is clicked
  2022-07-05 18:43:28 INFO  ds-algo:93 - All Treepages links are clicked
  2022-07-05 21:55:20 INFO  ds-algo:19 - Getstarted is clicked
  2022-07-05 21:55:29 INFO  ds-algo:20 - user is on login page
  2022-07-05 21:55:29 INFO  ds-algo:24 - user read data from excel
  2022-07-05 21:55:32 INFO  ds-algo:20 - user is on login page
  2022-07-05 21:55:32 INFO  ds-algo:24 - user read data from excel
  2022-07-05 21:55:34 INFO  ds-algo:20 - user is on login page
  2022-07-05 21:55:35 INFO  ds-algo:24 - user read data from excel
  2022-07-05 21:55:37 INFO  ds-algo:20 - user is on login page
  2022-07-05 21:55:38 INFO  ds-algo:24 - user read data from excel
  2022-07-05 21:55:43 INFO  ds-algo:28 - user is on Array page
  2022-07-05 21:55:48 INFO  ds-algo:53 - All array links are clicked
  2022-07-05 21:55:54 INFO  ds-algo:26 - Tree page is clicked
  2022-07-05 21:56:07 INFO  ds-algo:93 - All Treepages links are clicked
  2022-07-05 21:57:29 INFO  ds-algo:19 - Getstarted is clicked
  2022-07-05 21:57:44 INFO  ds-algo:20 - user is on login page
  2022-07-05 21:57:45 INFO  ds-algo:24 - user read data from excel
  2022-07-05 21:57:47 INFO  ds-algo:20 - user is on login page
  2022-07-05 21:57:47 INFO  ds-algo:24 - user read data from excel
  2022-07-05 21:57:50 INFO  ds-algo:20 - user is on login page
  2022-07-05 21:57:50 INFO  ds-algo:24 - user read data from excel
  2022-07-05 21:57:52 INFO  ds-algo:20 - user is on login page
  2022-07-05 21:57:53 INFO  ds-algo:24 - user read data from excel
  2022-07-05 21:58:38 INFO  ds-algo:28 - user is on Array page
  2022-07-05 21:58:42 INFO  ds-algo:53 - All array links are clicked
  2022-07-05 21:58:48 INFO  ds-algo:26 - Tree page is clicked
  2022-07-05 21:59:08 INFO  ds-algo:93 - All Treepages links are clicked
  2022-07-05 22:01:18 INFO  ds-algo:19 - Getstarted is clicked
  2022-07-05 22:57:56 INFO  ds-algo:20 - Getstarted is clicked
  2022-07-06 12:03:58 INFO  ds-algo:20 - user is on login page
  2022-07-06 12:03:59 INFO  ds-algo:24 - user read data from excel
  2022-07-06 12:04:02 INFO  ds-algo:20 - user is on login page
  2022-07-06 12:04:03 INFO  ds-algo:24 - user read data from excel
  2022-07-06 12:04:05 INFO  ds-algo:20 - user is on login page
  2022-07-06 12:04:06 INFO  ds-algo:24 - user read data from excel
  2022-07-06 12:04:08 INFO  ds-algo:20 - user is on login page
  2022-07-06 12:04:09 INFO  ds-algo:24 - user read data from excel
  2022-07-06 12:06:25 INFO  ds-algo:20 - user is on login page
  2022-07-06 12:06:26 INFO  ds-algo:24 - user read data from excel
  2022-07-06 12:06:28 INFO  ds-algo:20 - user is on login page
  2022-07-06 12:06:29 INFO  ds-algo:24 - user read data from excel
  2022-07-06 12:06:32 INFO  ds-algo:20 - user is on login page
  2022-07-06 12:06:33 INFO  ds-algo:24 - user read data from excel
  2022-07-06 12:06:35 INFO  ds-algo:20 - user is on login page
  2022-07-06 12:06:36 INFO  ds-algo:24 - user read data from excel
  2022-07-07 12:48:53 INFO  ds-algo:23 - user is on home page
  2022-07-07 12:54:28 INFO  ds-algo:23 - user is on home page
  2022-07-07 13:03:20 INFO  ds-algo:23 - user is on home page
  2022-07-07 13:04:09 INFO  ds-algo:23 - user is on home page
  2022-07-07 13:05:30 INFO  ds-algo:23 - user is on home page
  2022-07-07 13:06:51 INFO  ds-algo:23 - user is on home page
  2022-07-07 13:13:15 INFO  ds-algo:23 - user is on home page
  2022-07-07 13:20:57 INFO  ds-algo:23 - user is on home page
  2022-07-07 13:23:22 INFO  ds-algo:23 - user is on home page
  2022-07-07 13:26:17 INFO  ds-algo:20 - Getstarted is clicked
  2022-07-07 13:26:20 INFO  ds-algo:23 - user is on home page
  2022-07-07 13:26:34 INFO  ds-algo:20 - user is on login page
  2022-07-07 13:26:34 INFO  ds-algo:24 - user read data from excel
  2022-07-07 13:26:37 INFO  ds-algo:20 - user is on login page
  2022-07-07 13:26:37 INFO  ds-algo:24 - user read data from excel
  2022-07-07 13:26:39 INFO  ds-algo:20 - user is on login page
  2022-07-07 13:26:40 INFO  ds-algo:24 - user read data from excel
  2022-07-07 13:26:42 INFO  ds-algo:20 - user is on login page
  2022-07-07 13:26:42 INFO  ds-algo:24 - user read data from excel
  2022-07-07 13:26:49 INFO  ds-algo:28 - user is on Array page
  2022-07-07 13:26:54 INFO  ds-algo:53 - All array links are clicked
  2022-07-07 13:27:00 INFO  ds-algo:26 - Tree page is clicked
  2022-07-07 13:27:12 INFO  ds-algo:93 - All Treepages links are clicked
  2022-07-07 13:32:29 INFO  ds-algo:23 - user is on home page
  2022-07-07 13:37:30 INFO  ds-algo:23 - user is on home page
  2022-07-07 13:44:08 INFO  ds-algo:23 - user is on home page
  2022-07-07 15:46:38 INFO  ds-algo:23 - user is on home page
  2022-07-07 15:48:29 INFO  ds-algo:23 - user is on home page
  2022-07-07 15:49:13 INFO  ds-algo:23 - user is on home page
  2022-07-07 16:07:09 INFO  ds-algo:23 - user is on home page
  2022-07-07 16:08:49 INFO  ds-algo:23 - user is on home page
  2022-07-07 16:31:41 INFO  ds-algo:23 - user is on home page
  2022-07-07 18:30:43 INFO  ds-algo:23 - user is on home page
  2022-07-07 18:31:52 INFO  ds-algo:23 - user is on home page
  2022-07-07 19:14:57 INFO  ds-algo:23 - user is on home page
  2022-07-07 19:16:59 INFO  ds-algo:23 - user is on home page
  2022-07-07 19:37:21 INFO  ds-algo:23 - user is on home page
  2022-07-07 19:38:15 INFO  ds-algo:23 - user is on home page
  2022-07-07 19:40:34 INFO  ds-algo:23 - user is on home page
  2022-07-07 20:12:06 INFO  ds-algo:23 - user is on home page
  2022-07-07 20:14:37 INFO  ds-algo:23 - user is on home page
  2022-07-07 20:16:37 INFO  ds-algo:23 - user is on home page
  2022-07-07 20:18:08 INFO  ds-algo:23 - user is on home page
  2022-07-07 20:19:19 INFO  ds-algo:23 - user is on home page
  2022-07-07 20:23:08 INFO  ds-algo:23 - user is on home page
  2022-07-07 21:32:44 INFO  ds-algo:15 - user is on registration page
  2022-07-07 21:35:39 INFO  ds-algo:15 - user is on registration page
  2022-07-07 21:35:40 INFO  ds-algo:21 - user is registered
  2022-07-08 15:41:20 INFO  ds-algo:31 - <-----------User clicks Registration button with all the fields are left as empty------------>
  2022-07-09 12:23:48 INFO  ds-algo:22 - user is on home page
  2022-07-09 12:28:58 INFO  ds-algo:34 - <------validating total no of panes in home page------>
  2022-07-09 12:45:46 INFO  ds-algo:23 - <------user is on home page and title is validated------->
  2022-07-09 12:45:46 INFO  ds-algo:34 - <------Validated total no of panes in home page------>
  2022-07-09 12:45:47 INFO  ds-algo:46 - <------------Validated that the dropdown values are matches with expected values------>
  2022-07-09 12:45:47 INFO  ds-algo:59 - <---------User clicked Getstarted under array without log in -------->
  2022-07-09 12:45:48 INFO  ds-algo:72 - <---------User clicked dropdown value without log in -------->
  2022-07-09 12:46:31 INFO  ds-algo:23 - <------user is on home page and title is validated------->
  2022-07-09 12:46:31 INFO  ds-algo:34 - <------Validated total no of panes in home page------>
  2022-07-09 12:46:32 INFO  ds-algo:46 - <------------Validated that the dropdown values are matches with expected values------>
  2022-07-09 12:46:32 INFO  ds-algo:59 - <---------User clicked Getstarted under array without log in -------->
  2022-07-09 12:46:33 INFO  ds-algo:72 - <---------User clicked dropdown value without log in -------->
  2022-07-09 12:47:25 INFO  ds-algo:23 - <------user is on home page and title is validated------->
  2022-07-09 12:47:25 INFO  ds-algo:34 - <------Validated total no of panes in home page------>
  2022-07-09 12:47:26 INFO  ds-algo:46 - <------------Validated that the dropdown values are matches with expected values------>
  2022-07-09 12:47:26 INFO  ds-algo:59 - <---------User clicked Getstarted under array without log in -------->
  2022-07-09 12:47:27 INFO  ds-algo:72 - <---------User clicked dropdown value without log in -------->
  2022-07-09 12:54:43 INFO  ds-algo:23 - <------user is on home page and title is validated------->
  2022-07-09 12:54:44 INFO  ds-algo:34 - <------Validated total no of panes in home page------>
  2022-07-09 12:54:44 INFO  ds-algo:46 - <------------Validated that the dropdown values are matches with expected values------>
  2022-07-09 12:54:44 INFO  ds-algo:59 - <---------User clicked Getstarted under array without log in -------->
  2022-07-09 12:54:45 INFO  ds-algo:72 - <---------User clicked dropdown value without log in -------->
  2022-07-09 12:54:45 INFO  ds-algo:80 - <----------user clicked sign in form home page ---------->
  2022-07-09 12:58:35 INFO  ds-algo:23 - <------user is on home page and title is validated------->
  2022-07-09 12:58:36 INFO  ds-algo:34 - <------Validated total no of panes in home page------>
  2022-07-09 12:58:36 INFO  ds-algo:46 - <------------Validated that the dropdown values are matches with expected values------>
  2022-07-09 12:58:37 INFO  ds-algo:59 - <---------User clicked Getstarted under array without log in -------->
  2022-07-09 12:58:37 INFO  ds-algo:72 - <---------User clicked dropdown value without log in -------->
  2022-07-09 12:58:38 INFO  ds-algo:80 - <----------user clicked sign in from home page ---------->
  2022-07-09 12:58:38 INFO  ds-algo:89 - <----------user clicked Register from home page ---------->
  2022-07-09 13:57:34 INFO  ds-algo:28 - user is on Array page
  2022-07-09 13:57:39 INFO  ds-algo:53 - All array links are clicked
  2022-07-09 14:52:14 INFO  ds-algo:28 - user is on Array page
  2022-07-09 14:52:17 INFO  ds-algo:53 - All array links are clicked
  2022-07-09 14:54:59 INFO  ds-algo:28 - user is on Array page
  2022-07-09 14:55:03 INFO  ds-algo:53 - All array links are clicked
  2022-07-09 15:01:14 INFO  ds-algo:28 - user is on Array page
  2022-07-09 15:01:18 INFO  ds-algo:53 - All array links are clicked
  2022-07-09 15:02:37 INFO  ds-algo:28 - user is on Array page
  2022-07-09 15:02:42 INFO  ds-algo:53 - All array links are clicked
  2022-07-09 15:03:38 INFO  ds-algo:28 - user is on Array page
  2022-07-09 15:03:42 INFO  ds-algo:53 - All array links are clicked
  2022-07-09 15:06:17 INFO  ds-algo:28 - user is on Array page
  2022-07-09 15:06:22 INFO  ds-algo:53 - All array links are clicked
  2022-07-09 16:40:40 INFO  ds-algo:28 - user is on Array page
  2022-07-09 16:40:44 INFO  ds-algo:68 - All array links are clicked
  2022-07-09 17:25:25 INFO  ds-algo:28 - user is on Array page
  2022-07-09 17:25:25 INFO  ds-algo:31 - <---------user is on Arrays in Python page-------->
  2022-07-09 17:25:28 INFO  ds-algo:86 - <--------user clicked practice questions link------->
  2022-07-09 17:25:28 INFO  ds-algo:88 - <--------user is on Search the array page------->
  2022-07-09 17:25:29 INFO  ds-algo:99 - <--------user is on Max Consecutive Ones page------->
  2022-07-09 17:25:30 INFO  ds-algo:110 - <--------user is on Find Numbers with Even Number of Digits page------->
  2022-07-09 17:25:30 INFO  ds-algo:121 - <--------user is on Squares of a Sorted Array page------->
  2022-07-09 17:27:06 INFO  ds-algo:28 - user is on Array page
  2022-07-09 17:27:06 INFO  ds-algo:31 - <---------user is on Arrays in Python page-------->
  2022-07-09 17:27:07 INFO  ds-algo:45 - <---------user is on Arrays Using List page-------->
  2022-07-09 17:27:08 INFO  ds-algo:58 - <---------user is on Basic Operations in Lists page-------->
  2022-07-09 17:27:09 INFO  ds-algo:71 - <---------user is on Applications of Array page-------->
  2022-07-09 17:27:09 INFO  ds-algo:75 - All array links are clicked
  2022-07-09 17:27:10 INFO  ds-algo:86 - <--------user clicked practice questions link------->
  2022-07-09 17:27:10 INFO  ds-algo:88 - <--------user is on Search the array page------->
  2022-07-09 17:27:10 INFO  ds-algo:99 - <--------user is on Max Consecutive Ones page------->
  2022-07-09 17:27:11 INFO  ds-algo:110 - <--------user is on Find Numbers with Even Number of Digits page------->
  2022-07-09 17:27:12 INFO  ds-algo:121 - <--------user is on Squares of a Sorted Array page------->
  2022-07-09 17:57:49 INFO  ds-algo:26 - Tree page is clicked
  2022-07-09 18:00:29 INFO  ds-algo:26 - Tree page is clicked
  2022-07-09 18:00:29 INFO  ds-algo:29 - <---------user is on Overview of Trees--->
  2022-07-09 18:03:30 INFO  ds-algo:26 - Tree page is clicked
  2022-07-09 18:03:30 INFO  ds-algo:29 - <---------user is on Overview of Trees--->
  2022-07-09 18:04:24 INFO  ds-algo:26 - Tree page is clicked
  2022-07-09 18:04:25 INFO  ds-algo:29 - <---------user is on Overview of Trees--->
  2022-07-09 18:05:32 INFO  ds-algo:26 - Tree page is clicked
  2022-07-09 18:05:32 INFO  ds-algo:29 - <---------user is on Overview of Trees--->
  2022-07-09 18:05:33 INFO  ds-algo:41 - <------------user is on Terminologies pages-------->
  2022-07-09 18:07:20 INFO  ds-algo:25 - Tree page is clicked
  2022-07-09 18:07:20 INFO  ds-algo:28 - <---------user is on Overview of Trees--->
  2022-07-09 18:07:22 INFO  ds-algo:40 - <------------user is on Terminologies pages-------->
  2022-07-09 18:07:23 INFO  ds-algo:52 - <----------user is on Types of Trees pages------->
  2022-07-09 18:07:24 INFO  ds-algo:64 - <----------user is on Tree Traversals page --------->
  2022-07-09 18:07:25 INFO  ds-algo:76 - <-------user is on Traversals-Illustration page ---------->
  2022-07-09 18:07:25 INFO  ds-algo:88 - <-----------user is on Binary Trees page -------->
  2022-07-09 18:07:26 INFO  ds-algo:100 - <----------user is on Types of Binary Trees page ---------->
  2022-07-09 18:07:27 INFO  ds-algo:112 - <--------user is on Implementation in Python page --------->
  2022-07-09 18:07:28 INFO  ds-algo:124 - <------------user is on Binary Tree Traversals page --------->
  2022-07-09 18:07:28 INFO  ds-algo:136 - <---------user is on Implementation of Binary Trees --------->
  2022-07-09 18:07:29 INFO  ds-algo:148 - <--------user is on Applications of Binary trees --------->
  2022-07-09 18:07:30 INFO  ds-algo:160 - <-----------user is on Binary Search Trees page --------->
  2022-07-09 18:07:31 INFO  ds-algo:172 - <-------------user is on Implementation Of BST page ----------->
  2022-07-09 18:07:32 INFO  ds-algo:177 - <-----All Treepages links are clicked------>
  2022-07-09 18:21:34 INFO  ds-algo:20 - user is on login page
  2022-07-09 18:21:36 INFO  ds-algo:24 - user read data from excel
  2022-07-09 18:21:38 INFO  ds-algo:20 - user is on login page
  2022-07-09 18:21:39 INFO  ds-algo:24 - user read data from excel
  2022-07-09 18:21:42 INFO  ds-algo:20 - user is on login page
  2022-07-09 18:21:43 INFO  ds-algo:24 - user read data from excel
  2022-07-09 18:21:45 INFO  ds-algo:20 - user is on login page
  2022-07-09 18:21:47 INFO  ds-algo:24 - user read data from excel
  2022-07-09 18:21:53 INFO  ds-algo:86 - <--------user clicked practice questions link------->
  2022-07-09 18:21:54 INFO  ds-algo:88 - <--------user is on Search the array page------->
  2022-07-09 18:21:54 INFO  ds-algo:99 - <--------user is on Max Consecutive Ones page------->
  2022-07-09 18:21:55 INFO  ds-algo:110 - <--------user is on Find Numbers with Even Number of Digits page------->
  2022-07-09 18:21:57 INFO  ds-algo:121 - <--------user is on Squares of a Sorted Array page------->
  2022-07-09 18:24:09 INFO  ds-algo:20 - user is on login page
  2022-07-09 18:24:10 INFO  ds-algo:24 - user read data from excel
  2022-07-09 18:24:12 INFO  ds-algo:20 - user is on login page
  2022-07-09 18:24:13 INFO  ds-algo:24 - user read data from excel
  2022-07-09 18:24:15 INFO  ds-algo:20 - user is on login page
  2022-07-09 18:24:16 INFO  ds-algo:24 - user read data from excel
  2022-07-09 18:24:18 INFO  ds-algo:20 - user is on login page
  2022-07-09 18:24:19 INFO  ds-algo:24 - user read data from excel
  2022-07-09 18:24:26 INFO  ds-algo:86 - <--------user clicked practice questions link------->
  2022-07-09 18:24:27 INFO  ds-algo:88 - <--------user is on Search the array page------->
  2022-07-09 18:24:28 INFO  ds-algo:99 - <--------user is on Max Consecutive Ones page------->
  2022-07-09 18:24:29 INFO  ds-algo:110 - <--------user is on Find Numbers with Even Number of Digits page------->
  2022-07-09 18:24:30 INFO  ds-algo:121 - <--------user is on Squares of a Sorted Array page------->
  2022-07-09 23:28:32 INFO  ds-algo:20 - <--------user is on login page ---------->
  2022-07-10 08:40:05 INFO  ds-algo:20 - <--------user is on login page ---------->
  2022-07-10 08:42:41 INFO  ds-algo:20 - <--------user is on login page ---------->
  2022-07-10 08:44:06 INFO  ds-algo:20 - <--------user is on login page ---------->
  2022-07-10 08:44:09 INFO  ds-algo:20 - <--------user is on login page ---------->
  2022-07-10 08:44:12 INFO  ds-algo:20 - <--------user is on login page ---------->
  2022-07-10 08:44:14 INFO  ds-algo:20 - <--------user is on login page ---------->
  2022-07-10 10:49:33 INFO  ds-algo:48 - user is on registration page
  2022-07-10 10:49:34 INFO  ds-algo:34 - user is on registration page
  2022-07-10 10:51:52 INFO  ds-algo:48 - user is on registration page
  2022-07-10 11:01:02 INFO  ds-algo:49 - user is on registration page
  2022-07-10 11:01:32 INFO  ds-algo:49 - user is on registration page
  2022-07-10 11:03:07 INFO  ds-algo:49 - user is on registration page
  2022-07-10 11:03:41 INFO  ds-algo:49 - user is on registration page
  2022-07-10 11:03:42 INFO  ds-algo:58 - validated alert for password mismatch
  2022-07-10 11:04:55 INFO  ds-algo:35 - user is on registration page
  2022-07-10 11:23:29 INFO  ds-algo:67 - user is on registration page
  2022-07-10 16:01:39 INFO  ds-algo:67 - user is on registration page
  2022-07-10 19:31:40 INFO  ds-algo:74 - user is on registration page
  2022-07-10 19:31:40 INFO  ds-algo:78 - validated alert for all empty fields
  2022-07-10 20:08:13 INFO  ds-algo:87 - user is on registration page
  2022-07-10 20:08:14 INFO  ds-algo:91 - validated alert for leaving the password and confirm passwords fields empty
  2022-07-10 20:11:58 INFO  ds-algo:107 - user is on registration page
  2022-07-10 20:11:59 INFO  ds-algo:112 - validated alert for leaving the confirm password field empty
  2022-07-10 21:21:53 INFO  ds-algo:107 - user is on registration page
  2022-07-10 21:21:53 INFO  ds-algo:112 - validated alert for leaving the confirm password field empty
  2022-07-10 21:57:53 INFO  ds-algo:107 - user is on registration page
  2022-07-10 21:57:53 INFO  ds-algo:112 - validated alert for leaving the confirm password field empty
  2022-07-10 21:58:44 INFO  ds-algo:107 - user is on registration page
  2022-07-10 21:58:44 INFO  ds-algo:112 - validated alert for leaving the confirm password field empty
  2022-07-10 22:09:37 INFO  ds-algo:47 - user is on registration page
  2022-07-10 22:11:02 INFO  ds-algo:47 - user is on registration page
  2022-07-10 22:11:03 INFO  ds-algo:61 - user is on registration page
  2022-07-10 22:11:03 INFO  ds-algo:70 - validated alert for password mismatch
  2022-07-10 22:11:04 INFO  ds-algo:92 - user is on registration page
  2022-07-10 22:11:04 INFO  ds-algo:96 - validated alert for leaving the password and confirm passwords fields empty
  2022-07-10 22:11:04 INFO  ds-algo:107 - user is on registration page
  2022-07-10 22:11:05 INFO  ds-algo:112 - validated alert for leaving the confirm password field empty
  2022-07-10 22:16:10 INFO  ds-algo:47 - user is on registration page
  2022-07-10 22:16:11 INFO  ds-algo:61 - user is on registration page
  2022-07-10 22:16:12 INFO  ds-algo:70 - validated alert for password mismatch
  2022-07-10 22:16:12 INFO  ds-algo:92 - user is on registration page
  2022-07-10 22:16:12 INFO  ds-algo:96 - validated alert for leaving the password and confirm passwords fields empty
  2022-07-10 22:16:12 INFO  ds-algo:107 - user is on registration page
  2022-07-10 22:16:13 INFO  ds-algo:112 - validated alert for leaving the confirm password field empty
  2022-07-10 22:25:35 INFO  ds-algo:79 - user is on registration page
  2022-07-10 22:25:35 INFO  ds-algo:83 - validated alert for all empty fields
  2022-07-10 22:26:19 INFO  ds-algo:61 - user is on registration page
  2022-07-10 22:26:19 INFO  ds-algo:70 - validated alert for password mismatch
  2022-07-10 22:26:20 INFO  ds-algo:79 - user is on registration page
  2022-07-10 22:26:20 INFO  ds-algo:83 - validated alert for all empty fields
  2022-07-10 22:26:20 INFO  ds-algo:92 - user is on registration page
  2022-07-10 22:26:20 INFO  ds-algo:96 - validated alert for leaving the password and confirm passwords fields empty
  2022-07-10 22:26:21 INFO  ds-algo:107 - user is on registration page
  2022-07-10 22:26:21 INFO  ds-algo:112 - validated alert for leaving the confirm password field empty
  2022-07-10 22:29:42 INFO  ds-algo:20 - <-----Getstarted is clicked -------->
  2022-07-10 22:29:46 INFO  ds-algo:21 - <------user is on home page and title is validated------->
  2022-07-10 22:29:46 INFO  ds-algo:32 - <------Validated total no of panes in home page------>
  2022-07-10 22:29:47 INFO  ds-algo:44 - <------------Validated that the dropdown values are matches with expected values------>
  2022-07-10 22:29:47 INFO  ds-algo:57 - <---------User clicked Getstarted under array without log in -------->
  2022-07-10 22:29:47 INFO  ds-algo:70 - <---------User clicked dropdown value without log in -------->
  2022-07-10 22:29:48 INFO  ds-algo:78 - <----------user clicked sign in from home page ---------->
  2022-07-10 22:29:48 INFO  ds-algo:87 - <----------user clicked Register from home page ---------->
  2022-07-10 22:29:53 INFO  ds-algo:28 - user is on Array page
  2022-07-10 22:29:53 INFO  ds-algo:31 - <---------user is on Arrays in Python page-------->
  2022-07-10 22:29:54 INFO  ds-algo:45 - <---------user is on Arrays Using List page-------->
  2022-07-10 22:29:55 INFO  ds-algo:58 - <---------user is on Basic Operations in Lists page-------->
  2022-07-10 22:29:56 INFO  ds-algo:71 - <---------user is on Applications of Array page-------->
  2022-07-10 22:29:57 INFO  ds-algo:75 - All array links are clicked
  2022-07-10 22:29:57 INFO  ds-algo:86 - <--------user clicked practice questions link------->
  2022-07-10 22:29:57 INFO  ds-algo:88 - <--------user is on Search the array page------->
  2022-07-10 22:29:58 INFO  ds-algo:99 - <--------user is on Max Consecutive Ones page------->
  2022-07-10 22:29:58 INFO  ds-algo:110 - <--------user is on Find Numbers with Even Number of Digits page------->
  2022-07-10 22:29:59 INFO  ds-algo:121 - <--------user is on Squares of a Sorted Array page------->
  2022-07-10 22:30:05 INFO  ds-algo:25 - Tree page is clicked
  2022-07-10 22:30:05 INFO  ds-algo:28 - <---------user is on Overview of Trees--->
  2022-07-10 22:30:07 INFO  ds-algo:40 - <------------user is on Terminologies pages-------->
  2022-07-10 22:30:08 INFO  ds-algo:52 - <----------user is on Types of Trees pages------->
  2022-07-10 22:30:09 INFO  ds-algo:64 - <----------user is on Tree Traversals page --------->
  2022-07-10 22:30:09 INFO  ds-algo:76 - <-------user is on Traversals-Illustration page ---------->
  2022-07-10 22:30:10 INFO  ds-algo:88 - <-----------user is on Binary Trees page -------->
  2022-07-10 22:30:11 INFO  ds-algo:100 - <----------user is on Types of Binary Trees page ---------->
  2022-07-10 22:30:12 INFO  ds-algo:112 - <--------user is on Implementation in Python page --------->
  2022-07-10 22:30:12 INFO  ds-algo:124 - <------------user is on Binary Tree Traversals page --------->
  2022-07-10 22:30:13 INFO  ds-algo:136 - <---------user is on Implementation of Binary Trees --------->
  2022-07-10 22:30:14 INFO  ds-algo:148 - <--------user is on Applications of Binary trees --------->
  2022-07-10 22:30:15 INFO  ds-algo:160 - <-----------user is on Binary Search Trees page --------->
  2022-07-10 22:30:16 INFO  ds-algo:172 - <-------------user is on Implementation Of BST page ----------->
  2022-07-10 22:30:16 INFO  ds-algo:177 - <-----All Treepages links are clicked------>
  2022-07-10 22:30:25 INFO  ds-algo:20 - <--------user is on login page ---------->
  2022-07-10 22:30:27 INFO  ds-algo:20 - <--------user is on login page ---------->
  2022-07-10 22:30:30 INFO  ds-algo:20 - <--------user is on login page ---------->
  2022-07-10 22:30:33 INFO  ds-algo:20 - <--------user is on login page ---------->
  2022-07-10 22:30:37 INFO  ds-algo:61 - user is on registration page
  2022-07-10 22:30:38 INFO  ds-algo:70 - validated alert for password mismatch
  2022-07-10 22:30:38 INFO  ds-algo:79 - user is on registration page
  2022-07-10 22:30:38 INFO  ds-algo:83 - validated alert for all empty fields
  2022-07-10 22:30:38 INFO  ds-algo:92 - user is on registration page
  2022-07-10 22:30:39 INFO  ds-algo:96 - validated alert for leaving the password and confirm passwords fields empty
  2022-07-10 22:30:39 INFO  ds-algo:107 - user is on registration page
  2022-07-10 22:30:39 INFO  ds-algo:112 - validated alert for leaving the confirm password field empty
  2022-07-10 22:42:23 INFO  ds-algo:21 - <-----Getstarted is clicked -------->
  2022-07-10 22:42:26 INFO  ds-algo:22 - <------user is on home page and title is validated------->
  2022-07-10 22:42:27 INFO  ds-algo:33 - <------Validated total no of panes in home page------>
  2022-07-10 22:42:27 INFO  ds-algo:45 - <------------Validated that the dropdown values are matches with expected values------>
  2022-07-10 22:42:27 INFO  ds-algo:58 - <---------User clicked Getstarted under array without log in -------->
  2022-07-10 22:42:27 INFO  ds-algo:71 - <---------User clicked dropdown value without log in -------->
  2022-07-10 22:42:28 INFO  ds-algo:79 - <----------user clicked sign in from home page ---------->
  2022-07-10 22:42:28 INFO  ds-algo:88 - <----------user clicked Register from home page ---------->
  2022-07-10 22:42:31 INFO  ds-algo:62 - user is on registration page
  2022-07-10 22:42:31 INFO  ds-algo:71 - validated alert for password mismatch
  2022-07-10 22:42:32 INFO  ds-algo:80 - user is on registration page
  2022-07-10 22:42:32 INFO  ds-algo:84 - validated alert for all empty fields
  2022-07-10 22:42:32 INFO  ds-algo:93 - user is on registration page
  2022-07-10 22:42:32 INFO  ds-algo:97 - validated alert for leaving the password and confirm passwords fields empty
  2022-07-10 22:42:32 INFO  ds-algo:108 - user is on registration page
  2022-07-10 22:42:33 INFO  ds-algo:113 - validated alert for leaving the confirm password field empty
  2022-07-10 22:42:40 INFO  ds-algo:21 - <--------user is on login page ---------->
  2022-07-10 22:42:42 INFO  ds-algo:21 - <--------user is on login page ---------->
  2022-07-10 22:42:45 INFO  ds-algo:21 - <--------user is on login page ---------->
  2022-07-10 22:42:47 INFO  ds-algo:21 - <--------user is on login page ---------->
  2022-07-10 22:42:53 INFO  ds-algo:29 - user is on Array page
  2022-07-10 22:42:54 INFO  ds-algo:32 - <---------user is on Arrays in Python page-------->
  2022-07-10 22:42:56 INFO  ds-algo:46 - <---------user is on Arrays Using List page-------->
  2022-07-10 22:42:57 INFO  ds-algo:59 - <---------user is on Basic Operations in Lists page-------->
  2022-07-10 22:42:58 INFO  ds-algo:72 - <---------user is on Applications of Array page-------->
  2022-07-10 22:42:58 INFO  ds-algo:76 - All array links are clicked
  2022-07-10 22:42:59 INFO  ds-algo:87 - <--------user clicked practice questions link------->
  2022-07-10 22:42:59 INFO  ds-algo:89 - <--------user is on Search the array page------->
  2022-07-10 22:43:00 INFO  ds-algo:100 - <--------user is on Max Consecutive Ones page------->
  2022-07-10 22:43:00 INFO  ds-algo:111 - <--------user is on Find Numbers with Even Number of Digits page------->
  2022-07-10 22:43:01 INFO  ds-algo:122 - <--------user is on Squares of a Sorted Array page------->
  2022-07-10 22:43:06 INFO  ds-algo:26 - Tree page is clicked
  2022-07-10 22:43:06 INFO  ds-algo:29 - <---------user is on Overview of Trees--->
  2022-07-10 22:43:08 INFO  ds-algo:41 - <------------user is on Terminologies pages-------->
  2022-07-10 22:43:09 INFO  ds-algo:53 - <----------user is on Types of Trees pages------->
  2022-07-10 22:43:09 INFO  ds-algo:65 - <----------user is on Tree Traversals page --------->
  2022-07-10 22:43:10 INFO  ds-algo:77 - <-------user is on Traversals-Illustration page ---------->
  2022-07-10 22:43:11 INFO  ds-algo:89 - <-----------user is on Binary Trees page -------->
  2022-07-10 22:43:12 INFO  ds-algo:101 - <----------user is on Types of Binary Trees page ---------->
  2022-07-10 22:43:12 INFO  ds-algo:113 - <--------user is on Implementation in Python page --------->
  2022-07-10 22:43:13 INFO  ds-algo:125 - <------------user is on Binary Tree Traversals page --------->
  2022-07-10 22:43:14 INFO  ds-algo:137 - <---------user is on Implementation of Binary Trees --------->
  2022-07-10 22:43:15 INFO  ds-algo:149 - <--------user is on Applications of Binary trees --------->
  2022-07-10 22:43:16 INFO  ds-algo:161 - <-----------user is on Binary Search Trees page --------->
  2022-07-10 22:43:17 INFO  ds-algo:173 - <-------------user is on Implementation Of BST page ----------->
  2022-07-10 22:43:17 INFO  ds-algo:178 - <-----All Treepages links are clicked------>
  2022-07-10 22:53:17 INFO  ds-algo:21 - <-----Getstarted is clicked -------->
  2022-07-10 22:53:20 INFO  ds-algo:22 - <------user is on home page and title is validated------->
  2022-07-10 22:53:21 INFO  ds-algo:33 - <------Validated total no of panes in home page------>
  2022-07-10 22:53:21 INFO  ds-algo:45 - <------------Validated that the dropdown values are matches with expected values------>
  2022-07-10 22:53:21 INFO  ds-algo:58 - <---------User clicked Getstarted under array without log in -------->
  2022-07-10 22:53:22 INFO  ds-algo:71 - <---------User clicked dropdown value without log in -------->
  2022-07-10 22:53:22 INFO  ds-algo:79 - <----------user clicked sign in from home page ---------->
  2022-07-10 22:53:22 INFO  ds-algo:88 - <----------user clicked Register from home page ---------->
  2022-07-10 22:53:25 INFO  ds-algo:62 - user is on registration page
  2022-07-10 22:53:26 INFO  ds-algo:71 - validated alert for password mismatch
  2022-07-10 22:53:26 INFO  ds-algo:80 - user is on registration page
  2022-07-10 22:53:26 INFO  ds-algo:84 - validated alert for all empty fields
  2022-07-10 22:53:26 INFO  ds-algo:93 - user is on registration page
  2022-07-10 22:53:26 INFO  ds-algo:97 - validated alert for leaving the password and confirm passwords fields empty
  2022-07-10 22:53:26 INFO  ds-algo:108 - user is on registration page
  2022-07-10 22:53:27 INFO  ds-algo:113 - validated alert for leaving the confirm password field empty
  2022-07-10 22:53:34 INFO  ds-algo:21 - <--------user is on login page ---------->
  2022-07-10 22:53:37 INFO  ds-algo:21 - <--------user is on login page ---------->
  2022-07-10 22:53:39 INFO  ds-algo:21 - <--------user is on login page ---------->
  2022-07-10 22:53:42 INFO  ds-algo:21 - <--------user is on login page ---------->
  2022-07-10 22:53:48 INFO  ds-algo:29 - user is on Array page
  2022-07-10 22:53:49 INFO  ds-algo:32 - <---------user is on Arrays in Python page-------->
  2022-07-10 22:53:51 INFO  ds-algo:46 - <---------user is on Arrays Using List page-------->
  2022-07-10 22:53:52 INFO  ds-algo:59 - <---------user is on Basic Operations in Lists page-------->
  2022-07-10 22:53:53 INFO  ds-algo:72 - <---------user is on Applications of Array page-------->
  2022-07-10 22:53:53 INFO  ds-algo:76 - All array links are clicked
  2022-07-10 22:53:54 INFO  ds-algo:87 - <--------user clicked practice questions link------->
  2022-07-10 22:53:54 INFO  ds-algo:89 - <--------user is on Search the array page------->
  2022-07-10 22:53:55 INFO  ds-algo:100 - <--------user is on Max Consecutive Ones page------->
  2022-07-10 22:53:55 INFO  ds-algo:111 - <--------user is on Find Numbers with Even Number of Digits page------->
  2022-07-10 22:53:56 INFO  ds-algo:122 - <--------user is on Squares of a Sorted Array page------->
  2022-07-10 22:54:01 INFO  ds-algo:26 - Tree page is clicked
  2022-07-10 22:54:02 INFO  ds-algo:29 - <---------user is on Overview of Trees--->
  2022-07-10 22:54:03 INFO  ds-algo:41 - <------------user is on Terminologies pages-------->
  2022-07-10 22:54:04 INFO  ds-algo:53 - <----------user is on Types of Trees pages------->
  2022-07-10 22:54:05 INFO  ds-algo:65 - <----------user is on Tree Traversals page --------->
  2022-07-10 22:54:05 INFO  ds-algo:77 - <-------user is on Traversals-Illustration page ---------->
  2022-07-10 22:54:06 INFO  ds-algo:89 - <-----------user is on Binary Trees page -------->
  2022-07-10 22:54:07 INFO  ds-algo:101 - <----------user is on Types of Binary Trees page ---------->
  2022-07-10 22:54:08 INFO  ds-algo:113 - <--------user is on Implementation in Python page --------->
  2022-07-10 22:54:08 INFO  ds-algo:125 - <------------user is on Binary Tree Traversals page --------->
  2022-07-10 22:54:09 INFO  ds-algo:137 - <---------user is on Implementation of Binary Trees --------->
  2022-07-10 22:54:10 INFO  ds-algo:149 - <--------user is on Applications of Binary trees --------->
  2022-07-10 22:54:11 INFO  ds-algo:161 - <-----------user is on Binary Search Trees page --------->
  2022-07-10 22:54:12 INFO  ds-algo:173 - <-------------user is on Implementation Of BST page ----------->
  2022-07-10 22:54:12 INFO  ds-algo:178 - <-----All Treepages links are clicked------>
  2022-07-10 22:55:47 INFO  ds-algo:21 - <--------user is on login page ---------->
  2022-07-10 22:55:50 INFO  ds-algo:21 - <--------user is on login page ---------->
  2022-07-10 22:55:52 INFO  ds-algo:21 - <--------user is on login page ---------->
  2022-07-10 22:55:55 INFO  ds-algo:21 - <--------user is on login page ---------->
  2022-07-10 22:57:05 INFO  ds-algo:21 - <--------user is on login page ---------->
  2022-07-10 22:57:08 INFO  ds-algo:21 - <--------user is on login page ---------->
  2022-07-10 22:57:11 INFO  ds-algo:21 - <--------user is on login page ---------->
  2022-07-10 22:57:13 INFO  ds-algo:21 - <--------user is on login page ---------->
  2022-07-10 23:00:33 INFO  ds-algo:21 - <--------user is on login page ---------->
  2022-07-10 23:00:36 INFO  ds-algo:21 - <--------user is on login page ---------->
  2022-07-10 23:00:39 INFO  ds-algo:21 - <--------user is on login page ---------->
  2022-07-10 23:09:31 INFO  ds-algo:21 - <-----Getstarted is clicked -------->
  2022-07-10 23:09:35 INFO  ds-algo:33 - <------Validated total no of panes in home page------>
  2022-07-10 23:09:35 INFO  ds-algo:45 - <------------Validated that the dropdown values are matches with expected values------>
  2022-07-10 23:09:36 INFO  ds-algo:58 - <---------User clicked Getstarted under array without log in -------->
  2022-07-10 23:09:36 INFO  ds-algo:71 - <---------User clicked dropdown value without log in -------->
  2022-07-10 23:09:36 INFO  ds-algo:79 - <----------user clicked sign in from home page ---------->
  2022-07-10 23:09:37 INFO  ds-algo:88 - <----------user clicked Register from home page ---------->
  2022-07-10 23:09:40 INFO  ds-algo:62 - user is on registration page
  2022-07-10 23:09:41 INFO  ds-algo:71 - validated alert for password mismatch
  2022-07-10 23:09:41 INFO  ds-algo:80 - user is on registration page
  2022-07-10 23:09:41 INFO  ds-algo:84 - validated alert for all empty fields
  2022-07-10 23:09:41 INFO  ds-algo:93 - user is on registration page
  2022-07-10 23:09:41 INFO  ds-algo:97 - validated alert for leaving the password and confirm passwords fields empty
  2022-07-10 23:09:41 INFO  ds-algo:108 - user is on registration page
  2022-07-10 23:09:41 INFO  ds-algo:113 - validated alert for leaving the confirm password field empty
  2022-07-10 23:09:49 INFO  ds-algo:21 - <--------user is on login page ---------->
  2022-07-10 23:09:52 INFO  ds-algo:21 - <--------user is on login page ---------->
  2022-07-10 23:09:54 INFO  ds-algo:21 - <--------user is on login page ---------->
  2022-07-10 23:09:57 INFO  ds-algo:21 - <--------user is on login page ---------->
  2022-07-10 23:10:03 INFO  ds-algo:29 - user is on Array page
  2022-07-10 23:10:03 INFO  ds-algo:32 - <---------user is on Arrays in Python page-------->
  2022-07-10 23:10:05 INFO  ds-algo:46 - <---------user is on Arrays Using List page-------->
  2022-07-10 23:10:06 INFO  ds-algo:59 - <---------user is on Basic Operations in Lists page-------->
  2022-07-10 23:10:07 INFO  ds-algo:72 - <---------user is on Applications of Array page-------->
  2022-07-10 23:10:07 INFO  ds-algo:76 - All array links are clicked
  2022-07-10 23:10:08 INFO  ds-algo:87 - <--------user clicked practice questions link------->
  2022-07-10 23:10:08 INFO  ds-algo:89 - <--------user is on Search the array page------->
  2022-07-10 23:10:09 INFO  ds-algo:100 - <--------user is on Max Consecutive Ones page------->
  2022-07-10 23:10:09 INFO  ds-algo:111 - <--------user is on Find Numbers with Even Number of Digits page------->
  2022-07-10 23:10:10 INFO  ds-algo:122 - <--------user is on Squares of a Sorted Array page------->
  2022-07-10 23:10:15 INFO  ds-algo:26 - Tree page is clicked
  2022-07-10 23:10:15 INFO  ds-algo:29 - <---------user is on Overview of Trees--->
  2022-07-10 23:10:17 INFO  ds-algo:41 - <------------user is on Terminologies pages-------->
  2022-07-10 23:10:18 INFO  ds-algo:53 - <----------user is on Types of Trees pages------->
  2022-07-10 23:10:19 INFO  ds-algo:65 - <----------user is on Tree Traversals page --------->
  2022-07-10 23:10:20 INFO  ds-algo:77 - <-------user is on Traversals-Illustration page ---------->
  2022-07-10 23:10:20 INFO  ds-algo:89 - <-----------user is on Binary Trees page -------->
  2022-07-10 23:10:21 INFO  ds-algo:101 - <----------user is on Types of Binary Trees page ---------->
  2022-07-10 23:10:22 INFO  ds-algo:113 - <--------user is on Implementation in Python page --------->
  2022-07-10 23:10:23 INFO  ds-algo:125 - <------------user is on Binary Tree Traversals page --------->
  2022-07-10 23:10:23 INFO  ds-algo:137 - <---------user is on Implementation of Binary Trees --------->
  2022-07-10 23:10:24 INFO  ds-algo:149 - <--------user is on Applications of Binary trees --------->
  2022-07-10 23:10:25 INFO  ds-algo:161 - <-----------user is on Binary Search Trees page --------->
  2022-07-10 23:10:26 INFO  ds-algo:173 - <-------------user is on Implementation Of BST page ----------->
  2022-07-10 23:10:26 INFO  ds-algo:178 - <-----All Treepages links are clicked------>
  2022-07-10 23:15:02 INFO  ds-algo:21 - <-----Getstarted is clicked -------->
  2022-07-10 23:15:06 INFO  ds-algo:33 - <------Validated total no of panes in home page------>
  2022-07-10 23:15:06 INFO  ds-algo:45 - <------------Validated that the dropdown values are matches with expected values------>
  2022-07-10 23:15:06 INFO  ds-algo:58 - <---------User clicked Getstarted under array without log in -------->
  2022-07-10 23:15:07 INFO  ds-algo:71 - <---------User clicked dropdown value without log in -------->
  2022-07-10 23:15:07 INFO  ds-algo:79 - <----------user clicked sign in from home page ---------->
  2022-07-10 23:15:07 INFO  ds-algo:88 - <----------user clicked Register from home page ---------->
  2022-07-10 23:15:10 INFO  ds-algo:62 - user is on registration page
  2022-07-10 23:15:11 INFO  ds-algo:71 - validated alert for password mismatch
  2022-07-10 23:15:11 INFO  ds-algo:80 - user is on registration page
  2022-07-10 23:15:11 INFO  ds-algo:84 - validated alert for all empty fields
  2022-07-10 23:15:11 INFO  ds-algo:93 - user is on registration page
  2022-07-10 23:15:11 INFO  ds-algo:97 - validated alert for leaving the password and confirm passwords fields empty
  2022-07-10 23:15:11 INFO  ds-algo:108 - user is on registration page
  2022-07-10 23:15:12 INFO  ds-algo:113 - validated alert for leaving the confirm password field empty
  2022-07-10 23:15:19 INFO  ds-algo:21 - <--------user is on login page ---------->
  2022-07-10 23:15:22 INFO  ds-algo:21 - <--------user is on login page ---------->
  2022-07-10 23:15:24 INFO  ds-algo:21 - <--------user is on login page ---------->
  2022-07-10 23:15:27 INFO  ds-algo:21 - <--------user is on login page ---------->
  2022-07-10 23:15:33 INFO  ds-algo:29 - user is on Array page
  2022-07-10 23:15:33 INFO  ds-algo:32 - <---------user is on Arrays in Python page-------->
  2022-07-10 23:15:35 INFO  ds-algo:46 - <---------user is on Arrays Using List page-------->
  2022-07-10 23:15:36 INFO  ds-algo:59 - <---------user is on Basic Operations in Lists page-------->
  2022-07-10 23:15:36 INFO  ds-algo:72 - <---------user is on Applications of Array page-------->
  2022-07-10 23:15:37 INFO  ds-algo:76 - All array links are clicked
  2022-07-10 23:15:37 INFO  ds-algo:87 - <--------user clicked practice questions link------->
  2022-07-10 23:15:37 INFO  ds-algo:89 - <--------user is on Search the array page------->
  2022-07-10 23:15:38 INFO  ds-algo:100 - <--------user is on Max Consecutive Ones page------->
  2022-07-10 23:15:39 INFO  ds-algo:111 - <--------user is on Find Numbers with Even Number of Digits page------->
  2022-07-10 23:15:40 INFO  ds-algo:122 - <--------user is on Squares of a Sorted Array page------->
  2022-07-10 23:15:45 INFO  ds-algo:26 - Tree page is clicked
  2022-07-10 23:15:45 INFO  ds-algo:29 - <---------user is on Overview of Trees--->
  2022-07-10 23:15:47 INFO  ds-algo:41 - <------------user is on Terminologies pages-------->
  2022-07-10 23:15:48 INFO  ds-algo:53 - <----------user is on Types of Trees pages------->
  2022-07-10 23:15:49 INFO  ds-algo:65 - <----------user is on Tree Traversals page --------->
  2022-07-10 23:15:50 INFO  ds-algo:77 - <-------user is on Traversals-Illustration page ---------->
  2022-07-10 23:15:50 INFO  ds-algo:89 - <-----------user is on Binary Trees page -------->
  2022-07-10 23:15:51 INFO  ds-algo:101 - <----------user is on Types of Binary Trees page ---------->
  2022-07-10 23:15:52 INFO  ds-algo:113 - <--------user is on Implementation in Python page --------->
  2022-07-10 23:15:52 INFO  ds-algo:125 - <------------user is on Binary Tree Traversals page --------->
  2022-07-10 23:15:53 INFO  ds-algo:137 - <---------user is on Implementation of Binary Trees --------->
  2022-07-10 23:15:54 INFO  ds-algo:149 - <--------user is on Applications of Binary trees --------->
  2022-07-10 23:15:55 INFO  ds-algo:161 - <-----------user is on Binary Search Trees page --------->
  2022-07-10 23:15:56 INFO  ds-algo:173 - <-------------user is on Implementation Of BST page ----------->
  2022-07-10 23:15:56 INFO  ds-algo:178 - <-----All Treepages links are clicked------>
  2022-07-10 23:20:03 INFO  ds-algo:62 - user is on registration page
  2022-07-10 23:20:03 INFO  ds-algo:71 - validated alert for password mismatch
  2022-07-10 23:20:03 INFO  ds-algo:80 - user is on registration page
  2022-07-10 23:20:03 INFO  ds-algo:84 - validated alert for all empty fields
  2022-07-10 23:20:03 INFO  ds-algo:93 - user is on registration page
  2022-07-10 23:20:03 INFO  ds-algo:97 - validated alert for leaving the password and confirm passwords fields empty
  2022-07-10 23:20:03 INFO  ds-algo:108 - user is on registration page
  2022-07-10 23:20:04 INFO  ds-algo:113 - validated alert for leaving the confirm password field empty
  2022-07-10 23:20:11 INFO  ds-algo:21 - <--------user is on login page ---------->
  2022-07-10 23:20:14 INFO  ds-algo:21 - <--------user is on login page ---------->
  2022-07-10 23:20:16 INFO  ds-algo:21 - <--------user is on login page ---------->
  2022-07-10 23:20:19 INFO  ds-algo:21 - <--------user is on login page ---------->
  2022-07-10 23:20:25 INFO  ds-algo:87 - <--------user clicked practice questions link------->
  2022-07-10 23:20:26 INFO  ds-algo:89 - <--------user is on Search the array page------->
  2022-07-10 23:20:27 INFO  ds-algo:100 - <--------user is on Max Consecutive Ones page------->
  2022-07-10 23:20:27 INFO  ds-algo:111 - <--------user is on Find Numbers with Even Number of Digits page------->
  2022-07-10 23:20:28 INFO  ds-algo:122 - <--------user is on Squares of a Sorted Array page------->
  2022-07-10 23:26:10 INFO  ds-algo:62 - user is on registration page
  2022-07-10 23:26:10 INFO  ds-algo:71 - validated alert for password mismatch
  2022-07-10 23:26:10 INFO  ds-algo:80 - user is on registration page
  2022-07-10 23:26:10 INFO  ds-algo:84 - validated alert for all empty fields
  2022-07-10 23:26:10 INFO  ds-algo:93 - user is on registration page
  2022-07-10 23:26:11 INFO  ds-algo:97 - validated alert for leaving the password and confirm passwords fields empty
  2022-07-10 23:26:11 INFO  ds-algo:108 - user is on registration page
  2022-07-10 23:26:11 INFO  ds-algo:113 - validated alert for leaving the confirm password field empty
  2022-07-10 23:26:18 INFO  ds-algo:21 - <--------user is on login page ---------->
  2022-07-10 23:26:21 INFO  ds-algo:21 - <--------user is on login page ---------->
  2022-07-10 23:26:23 INFO  ds-algo:21 - <--------user is on login page ---------->
  2022-07-10 23:26:26 INFO  ds-algo:21 - <--------user is on login page ---------->
  2022-07-10 23:26:31 INFO  ds-algo:87 - <--------user clicked practice questions link------->
  2022-07-10 23:26:32 INFO  ds-algo:89 - <--------user is on Search the array page------->
  2022-07-10 23:26:32 INFO  ds-algo:100 - <--------user is on Max Consecutive Ones page------->
  2022-07-10 23:26:33 INFO  ds-algo:111 - <--------user is on Find Numbers with Even Number of Digits page------->
  2022-07-10 23:26:34 INFO  ds-algo:122 - <--------user is on Squares of a Sorted Array page------->
  2022-07-10 23:28:33 INFO  ds-algo:23 - <-----Getstarted is clicked -------->
  2022-07-10 23:28:36 INFO  ds-algo:33 - <------Validated total no of panes in home page------>
  2022-07-10 23:28:37 INFO  ds-algo:45 - <------------Validated that the dropdown values are matches with expected values------>
  2022-07-10 23:28:37 INFO  ds-algo:58 - <---------User clicked Getstarted under array without log in -------->
  2022-07-10 23:28:37 INFO  ds-algo:71 - <---------User clicked dropdown value without log in -------->
  2022-07-10 23:28:38 INFO  ds-algo:79 - <----------user clicked sign in from home page ---------->
  2022-07-10 23:28:38 INFO  ds-algo:88 - <----------user clicked Register from home page ---------->
  2022-07-10 23:28:41 INFO  ds-algo:62 - user is on registration page
  2022-07-10 23:28:42 INFO  ds-algo:71 - validated alert for password mismatch
  2022-07-10 23:28:42 INFO  ds-algo:80 - user is on registration page
  2022-07-10 23:28:42 INFO  ds-algo:84 - validated alert for all empty fields
  2022-07-10 23:28:42 INFO  ds-algo:93 - user is on registration page
  2022-07-10 23:28:42 INFO  ds-algo:97 - validated alert for leaving the password and confirm passwords fields empty
  2022-07-10 23:28:42 INFO  ds-algo:108 - user is on registration page
  2022-07-10 23:28:42 INFO  ds-algo:113 - validated alert for leaving the confirm password field empty
  2022-07-10 23:28:50 INFO  ds-algo:21 - <--------user is on login page ---------->
  2022-07-10 23:28:52 INFO  ds-algo:21 - <--------user is on login page ---------->
  2022-07-10 23:28:55 INFO  ds-algo:21 - <--------user is on login page ---------->
  2022-07-10 23:28:58 INFO  ds-algo:21 - <--------user is on login page ---------->
  2022-07-10 23:29:04 INFO  ds-algo:29 - user is on Array page
  2022-07-10 23:29:04 INFO  ds-algo:32 - <---------user is on Arrays in Python page-------->
  2022-07-10 23:29:07 INFO  ds-algo:46 - <---------user is on Arrays Using List page-------->
  2022-07-10 23:29:08 INFO  ds-algo:59 - <---------user is on Basic Operations in Lists page-------->
  2022-07-10 23:29:08 INFO  ds-algo:72 - <---------user is on Applications of Array page-------->
  2022-07-10 23:29:09 INFO  ds-algo:76 - All array links are clicked
  2022-07-10 23:29:09 INFO  ds-algo:87 - <--------user clicked practice questions link------->
  2022-07-10 23:29:10 INFO  ds-algo:89 - <--------user is on Search the array page------->
  2022-07-10 23:29:10 INFO  ds-algo:100 - <--------user is on Max Consecutive Ones page------->
  2022-07-10 23:29:11 INFO  ds-algo:111 - <--------user is on Find Numbers with Even Number of Digits page------->
  2022-07-10 23:29:11 INFO  ds-algo:122 - <--------user is on Squares of a Sorted Array page------->
  2022-07-10 23:29:17 INFO  ds-algo:26 - Tree page is clicked
  2022-07-10 23:29:17 INFO  ds-algo:29 - <---------user is on Overview of Trees--->
  2022-07-10 23:29:19 INFO  ds-algo:41 - <------------user is on Terminologies pages-------->
  2022-07-10 23:29:19 INFO  ds-algo:53 - <----------user is on Types of Trees pages------->
  2022-07-10 23:29:20 INFO  ds-algo:65 - <----------user is on Tree Traversals page --------->
  2022-07-10 23:29:21 INFO  ds-algo:77 - <-------user is on Traversals-Illustration page ---------->
  2022-07-10 23:29:22 INFO  ds-algo:89 - <-----------user is on Binary Trees page -------->
  2022-07-10 23:29:23 INFO  ds-algo:101 - <----------user is on Types of Binary Trees page ---------->
  2022-07-10 23:29:23 INFO  ds-algo:113 - <--------user is on Implementation in Python page --------->
  2022-07-10 23:29:24 INFO  ds-algo:125 - <------------user is on Binary Tree Traversals page --------->
  2022-07-10 23:29:25 INFO  ds-algo:137 - <---------user is on Implementation of Binary Trees --------->
  2022-07-10 23:29:26 INFO  ds-algo:149 - <--------user is on Applications of Binary trees --------->
  2022-07-10 23:29:27 INFO  ds-algo:161 - <-----------user is on Binary Search Trees page --------->
  2022-07-10 23:29:28 INFO  ds-algo:173 - <-------------user is on Implementation Of BST page ----------->
  2022-07-10 23:29:28 INFO  ds-algo:178 - <-----All Treepages links are clicked------>
  2022-07-11 11:03:11 INFO  ds-algo:23 - <-----Getstarted is clicked -------->
  2022-07-11 11:03:16 INFO  ds-algo:33 - <------Validated total no of panes in home page------>
  2022-07-11 11:03:17 INFO  ds-algo:45 - <------------Validated that the dropdown values are matches with expected values------>
  2022-07-11 11:03:17 INFO  ds-algo:58 - <---------User clicked Getstarted under array without log in -------->
  2022-07-11 11:03:18 INFO  ds-algo:71 - <---------User clicked dropdown value without log in -------->
  2022-07-11 11:03:18 INFO  ds-algo:79 - <----------user clicked sign in from home page ---------->
  2022-07-11 11:03:19 INFO  ds-algo:88 - <----------user clicked Register from home page ---------->
  2022-07-11 11:03:24 INFO  ds-algo:62 - user is on registration page
  2022-07-11 11:03:24 INFO  ds-algo:71 - validated alert for password mismatch
  2022-07-11 11:03:24 INFO  ds-algo:80 - user is on registration page
  2022-07-11 11:03:25 INFO  ds-algo:84 - validated alert for all empty fields
  2022-07-11 11:03:25 INFO  ds-algo:93 - user is on registration page
  2022-07-11 11:03:25 INFO  ds-algo:97 - validated alert for leaving the password and confirm passwords fields empty
  2022-07-11 11:03:25 INFO  ds-algo:108 - user is on registration page
  2022-07-11 11:03:25 INFO  ds-algo:113 - validated alert for leaving the confirm password field empty
  2022-07-11 11:03:33 INFO  ds-algo:21 - <--------user is on login page ---------->
  2022-07-11 11:03:36 INFO  ds-algo:21 - <--------user is on login page ---------->
  2022-07-11 11:03:39 INFO  ds-algo:21 - <--------user is on login page ---------->
  2022-07-11 11:03:41 INFO  ds-algo:21 - <--------user is on login page ---------->
  2022-07-11 11:03:47 INFO  ds-algo:29 - user is on Array page
  2022-07-11 11:03:48 INFO  ds-algo:32 - <---------user is on Arrays in Python page-------->
  2022-07-11 11:03:50 INFO  ds-algo:46 - <---------user is on Arrays Using List page-------->
  2022-07-11 11:03:51 INFO  ds-algo:59 - <---------user is on Basic Operations in Lists page-------->
  2022-07-11 11:03:52 INFO  ds-algo:72 - <---------user is on Applications of Array page-------->
  2022-07-11 11:03:52 INFO  ds-algo:76 - All array links are clicked
  2022-07-11 11:03:53 INFO  ds-algo:87 - <--------user clicked practice questions link------->
  2022-07-11 11:03:53 INFO  ds-algo:89 - <--------user is on Search the array page------->
  2022-07-11 11:03:54 INFO  ds-algo:100 - <--------user is on Max Consecutive Ones page------->
  2022-07-11 11:03:54 INFO  ds-algo:111 - <--------user is on Find Numbers with Even Number of Digits page------->
  2022-07-11 11:03:55 INFO  ds-algo:122 - <--------user is on Squares of a Sorted Array page------->
  2022-07-11 11:04:01 INFO  ds-algo:26 - Tree page is clicked
  2022-07-11 11:04:01 INFO  ds-algo:29 - <---------user is on Overview of Trees--->
  2022-07-11 11:04:02 INFO  ds-algo:41 - <------------user is on Terminologies pages-------->
  2022-07-11 11:04:03 INFO  ds-algo:53 - <----------user is on Types of Trees pages------->
  2022-07-11 11:04:04 INFO  ds-algo:65 - <----------user is on Tree Traversals page --------->
  2022-07-11 11:04:05 INFO  ds-algo:77 - <-------user is on Traversals-Illustration page ---------->
  2022-07-11 11:04:06 INFO  ds-algo:89 - <-----------user is on Binary Trees page -------->
  2022-07-11 11:04:07 INFO  ds-algo:101 - <----------user is on Types of Binary Trees page ---------->
  2022-07-11 11:04:07 INFO  ds-algo:113 - <--------user is on Implementation in Python page --------->
  2022-07-11 11:04:08 INFO  ds-algo:125 - <------------user is on Binary Tree Traversals page --------->
  2022-07-11 11:04:09 INFO  ds-algo:137 - <---------user is on Implementation of Binary Trees --------->
  2022-07-11 11:04:10 INFO  ds-algo:149 - <--------user is on Applications of Binary trees --------->
  2022-07-11 11:04:11 INFO  ds-algo:161 - <-----------user is on Binary Search Trees page --------->
  2022-07-11 11:04:12 INFO  ds-algo:173 - <-------------user is on Implementation Of BST page ----------->
  2022-07-11 11:04:13 INFO  ds-algo:178 - <-----All Treepages links are clicked------>
  2022-07-11 12:08:54 INFO  ds-algo:23 - <-----Getstarted is clicked -------->
  2022-07-11 12:09:00 INFO  ds-algo:33 - <------Validated total no of panes in home page------>
  2022-07-11 12:09:00 INFO  ds-algo:45 - <------------Validated that the dropdown values are matches with expected values------>
  2022-07-11 12:09:01 INFO  ds-algo:58 - <---------User clicked Getstarted under array without log in -------->
  2022-07-11 12:09:02 INFO  ds-algo:71 - <---------User clicked dropdown value without log in -------->
  2022-07-11 12:09:02 INFO  ds-algo:79 - <----------user clicked sign in from home page ---------->
  2022-07-11 12:09:03 INFO  ds-algo:88 - <----------user clicked Register from home page ---------->
  2022-07-11 12:09:09 INFO  ds-algo:62 - user is on registration page
  2022-07-11 12:09:10 INFO  ds-algo:71 - validated alert for password mismatch
  2022-07-11 12:09:10 INFO  ds-algo:80 - user is on registration page
  2022-07-11 12:09:11 INFO  ds-algo:84 - validated alert for all empty fields
  2022-07-11 12:09:11 INFO  ds-algo:93 - user is on registration page
  2022-07-11 12:09:11 INFO  ds-algo:97 - validated alert for leaving the password and confirm passwords fields empty
  2022-07-11 12:09:11 INFO  ds-algo:108 - user is on registration page
  2022-07-11 12:09:11 INFO  ds-algo:113 - validated alert for leaving the confirm password field empty
  2022-07-11 12:09:23 INFO  ds-algo:21 - <--------user is on login page ---------->
  2022-07-11 12:09:26 INFO  ds-algo:21 - <--------user is on login page ---------->
  2022-07-11 12:09:29 INFO  ds-algo:21 - <--------user is on login page ---------->
  2022-07-11 12:09:32 INFO  ds-algo:21 - <--------user is on login page ---------->
  2022-07-11 12:09:43 INFO  ds-algo:29 - user is on Array page
  2022-07-11 12:09:44 INFO  ds-algo:32 - <---------user is on Arrays in Python page-------->
  2022-07-11 12:09:46 INFO  ds-algo:46 - <---------user is on Arrays Using List page-------->
  2022-07-11 12:09:49 INFO  ds-algo:59 - <---------user is on Basic Operations in Lists page-------->
  2022-07-11 12:09:50 INFO  ds-algo:72 - <---------user is on Applications of Array page-------->
  2022-07-11 12:09:50 INFO  ds-algo:76 - All array links are clicked
  2022-07-11 12:09:51 INFO  ds-algo:87 - <--------user clicked practice questions link------->
  2022-07-11 12:09:52 INFO  ds-algo:89 - <--------user is on Search the array page------->
  2022-07-11 12:09:54 INFO  ds-algo:100 - <--------user is on Max Consecutive Ones page------->
  2022-07-11 12:09:55 INFO  ds-algo:111 - <--------user is on Find Numbers with Even Number of Digits page------->
  2022-07-11 12:09:57 INFO  ds-algo:122 - <--------user is on Squares of a Sorted Array page------->
  2022-07-11 12:10:09 INFO  ds-algo:26 - Tree page is clicked
  2022-07-11 12:10:09 INFO  ds-algo:29 - <---------user is on Overview of Trees--->
  2022-07-11 12:10:12 INFO  ds-algo:41 - <------------user is on Terminologies pages-------->
  2022-07-11 12:10:13 INFO  ds-algo:53 - <----------user is on Types of Trees pages------->
  2022-07-11 12:10:16 INFO  ds-algo:65 - <----------user is on Tree Traversals page --------->
  2022-07-11 12:10:18 INFO  ds-algo:77 - <-------user is on Traversals-Illustration page ---------->
  2022-07-11 12:10:20 INFO  ds-algo:89 - <-----------user is on Binary Trees page -------->
  2022-07-11 12:10:21 INFO  ds-algo:101 - <----------user is on Types of Binary Trees page ---------->
  2022-07-11 12:10:23 INFO  ds-algo:113 - <--------user is on Implementation in Python page --------->
  2022-07-11 12:10:24 INFO  ds-algo:125 - <------------user is on Binary Tree Traversals page --------->
  2022-07-11 12:10:26 INFO  ds-algo:137 - <---------user is on Implementation of Binary Trees --------->
  2022-07-11 12:10:28 INFO  ds-algo:149 - <--------user is on Applications of Binary trees --------->
  2022-07-11 12:10:30 INFO  ds-algo:161 - <-----------user is on Binary Search Trees page --------->
  2022-07-11 12:10:31 INFO  ds-algo:173 - <-------------user is on Implementation Of BST page ----------->
  2022-07-11 12:10:32 INFO  ds-algo:178 - <-----All Treepages links are clicked------>
  2022-07-11 13:26:40 INFO  ds-algo:15 - <--------user is on login page ---------->
  2022-07-11 13:30:14 INFO  ds-algo:16 - <--------user is on login page ---------->
  2022-07-11 13:30:47 INFO  ds-algo:16 - <--------user is on login page ---------->
  2022-07-11 13:45:11 INFO  ds-algo:16 - <--------user is on login page ---------->
  2022-07-11 13:45:12 INFO  ds-algo:23 - alert is validated for leaving the password is empty
  2022-07-11 13:45:14 INFO  ds-algo:32 - <--------user is on login page ---------->
  2022-07-11 13:45:15 INFO  ds-algo:39 - alert is validated for leaving the username is empty
  2022-07-11 14:03:04 INFO  ds-algo:47 - <--------user is on login page ---------->
  2022-07-11 14:03:05 INFO  ds-algo:54 - alert is validated for entering invalid credentials
  2022-07-11 14:03:07 INFO  ds-algo:16 - <--------user is on login page ---------->
  2022-07-11 14:03:08 INFO  ds-algo:23 - alert is validated for leaving the password is empty
  2022-07-11 14:03:10 INFO  ds-algo:32 - <--------user is on login page ---------->
  2022-07-11 14:03:11 INFO  ds-algo:39 - alert is validated for leaving the username is empty
  2022-07-11 14:12:36 INFO  ds-algo:23 - <-----Getstarted is clicked -------->
  2022-07-11 14:12:40 INFO  ds-algo:33 - <------Validated total no of panes in home page------>
  2022-07-11 14:12:41 INFO  ds-algo:45 - <------------Validated that the dropdown values are matches with expected values------>
  2022-07-11 14:12:41 INFO  ds-algo:58 - <---------User clicked Getstarted under array without log in -------->
  2022-07-11 14:12:42 INFO  ds-algo:71 - <---------User clicked dropdown value without log in -------->
  2022-07-11 14:12:42 INFO  ds-algo:79 - <----------user clicked sign in from home page ---------->
  2022-07-11 14:12:42 INFO  ds-algo:88 - <----------user clicked Register from home page ---------->
  2022-07-11 14:12:46 INFO  ds-algo:63 - user is on registration page
  2022-07-11 14:12:47 INFO  ds-algo:72 - validated alert for password mismatch
  2022-07-11 14:12:47 INFO  ds-algo:79 - user is on registration page
  2022-07-11 14:12:47 INFO  ds-algo:85 - validated alert for all empty fields
  2022-07-11 14:12:47 INFO  ds-algo:92 - user is on registration page
  2022-07-11 14:12:48 INFO  ds-algo:99 - validated alert for leaving the password and confirm passwords fields empty
  2022-07-11 14:12:48 INFO  ds-algo:107 - user is on registration page
  2022-07-11 14:12:48 INFO  ds-algo:115 - validated alert for leaving the confirm password field empty
  2022-07-11 14:12:57 INFO  ds-algo:21 - <--------user is on login page ---------->
  2022-07-11 14:13:00 INFO  ds-algo:21 - <--------user is on login page ---------->
  2022-07-11 14:13:03 INFO  ds-algo:21 - <--------user is on login page ---------->
  2022-07-11 14:13:06 INFO  ds-algo:21 - <--------user is on login page ---------->
  2022-07-11 14:13:16 INFO  ds-algo:29 - user is on Array page
  2022-07-11 14:13:17 INFO  ds-algo:32 - <---------user is on Arrays in Python page-------->
  2022-07-11 14:13:19 INFO  ds-algo:46 - <---------user is on Arrays Using List page-------->
  2022-07-11 14:13:20 INFO  ds-algo:59 - <---------user is on Basic Operations in Lists page-------->
  2022-07-11 14:13:21 INFO  ds-algo:72 - <---------user is on Applications of Array page-------->
  2022-07-11 14:13:22 INFO  ds-algo:76 - All array links are clicked
  2022-07-11 14:13:22 INFO  ds-algo:87 - <--------user clicked practice questions link------->
  2022-07-11 14:13:23 INFO  ds-algo:89 - <--------user is on Search the array page------->
  2022-07-11 14:13:23 INFO  ds-algo:100 - <--------user is on Max Consecutive Ones page------->
  2022-07-11 14:13:25 INFO  ds-algo:111 - <--------user is on Find Numbers with Even Number of Digits page------->
  2022-07-11 14:13:25 INFO  ds-algo:122 - <--------user is on Squares of a Sorted Array page------->
  2022-07-11 14:13:33 INFO  ds-algo:26 - Tree page is clicked
  2022-07-11 14:13:34 INFO  ds-algo:29 - <---------user is on Overview of Trees--->
  2022-07-11 14:13:37 INFO  ds-algo:41 - <------------user is on Terminologies pages-------->
  2022-07-11 14:13:38 INFO  ds-algo:53 - <----------user is on Types of Trees pages------->
  2022-07-11 14:13:39 INFO  ds-algo:65 - <----------user is on Tree Traversals page --------->
  2022-07-11 14:13:40 INFO  ds-algo:77 - <-------user is on Traversals-Illustration page ---------->
  2022-07-11 14:13:40 INFO  ds-algo:89 - <-----------user is on Binary Trees page -------->
  2022-07-11 14:13:41 INFO  ds-algo:101 - <----------user is on Types of Binary Trees page ---------->
  2022-07-11 14:13:42 INFO  ds-algo:113 - <--------user is on Implementation in Python page --------->
  2022-07-11 14:13:43 INFO  ds-algo:125 - <------------user is on Binary Tree Traversals page --------->
  2022-07-11 14:13:44 INFO  ds-algo:137 - <---------user is on Implementation of Binary Trees --------->
  2022-07-11 14:13:45 INFO  ds-algo:149 - <--------user is on Applications of Binary trees --------->
  2022-07-11 14:13:46 INFO  ds-algo:161 - <-----------user is on Binary Search Trees page --------->
  2022-07-11 14:13:47 INFO  ds-algo:173 - <-------------user is on Implementation Of BST page ----------->
  2022-07-11 14:13:47 INFO  ds-algo:178 - <-----All Treepages links are clicked------>
  2022-07-11 14:13:53 INFO  ds-algo:47 - <--------user is on login page ---------->
  2022-07-11 14:13:54 INFO  ds-algo:54 - alert is validated for entering invalid credentials
  2022-07-11 14:13:56 INFO  ds-algo:16 - <--------user is on login page ---------->
  2022-07-11 14:13:57 INFO  ds-algo:23 - alert is validated for leaving the password is empty
  2022-07-11 14:13:59 INFO  ds-algo:32 - <--------user is on login page ---------->
  2022-07-11 14:13:59 INFO  ds-algo:39 - alert is validated for leaving the username is empty
  2022-07-11 15:08:19 INFO  ds-algo:23 - <-----Getstarted is clicked -------->
  2022-07-11 15:08:23 INFO  ds-algo:33 - <------Validated total no of panes in home page------>
  2022-07-11 15:08:24 INFO  ds-algo:45 - <------------Validated that the dropdown values are matches with expected values------>
  2022-07-11 15:08:24 INFO  ds-algo:58 - <---------User clicked Getstarted under array without log in -------->
  2022-07-11 15:08:25 INFO  ds-algo:71 - <---------User clicked dropdown value without log in -------->
  2022-07-11 15:08:25 INFO  ds-algo:79 - <----------user clicked sign in from home page ---------->
  2022-07-11 15:08:26 INFO  ds-algo:88 - <----------user clicked Register from home page ---------->
  2022-07-11 15:08:30 INFO  ds-algo:63 - user is on registration page
  2022-07-11 15:08:31 INFO  ds-algo:72 - validated alert for password mismatch
  2022-07-11 15:08:31 INFO  ds-algo:79 - user is on registration page
  2022-07-11 15:08:31 INFO  ds-algo:85 - validated alert for all empty fields
  2022-07-11 15:08:31 INFO  ds-algo:92 - user is on registration page
  2022-07-11 15:08:31 INFO  ds-algo:99 - validated alert for leaving the password and confirm passwords fields empty
  2022-07-11 15:08:31 INFO  ds-algo:107 - user is on registration page
  2022-07-11 15:08:31 INFO  ds-algo:115 - validated alert for leaving the confirm password field empty
  2022-07-11 15:08:40 INFO  ds-algo:21 - <--------user is on login page ---------->
  2022-07-11 15:08:43 INFO  ds-algo:21 - <--------user is on login page ---------->
  2022-07-11 15:08:46 INFO  ds-algo:21 - <--------user is on login page ---------->
  2022-07-11 15:08:48 INFO  ds-algo:21 - <--------user is on login page ---------->
  2022-07-11 15:08:59 INFO  ds-algo:29 - user is on Array page
  2022-07-11 15:09:00 INFO  ds-algo:32 - <---------user is on Arrays in Python page-------->
  2022-07-11 15:09:02 INFO  ds-algo:46 - <---------user is on Arrays Using List page-------->
  2022-07-11 15:09:03 INFO  ds-algo:59 - <---------user is on Basic Operations in Lists page-------->
  2022-07-11 15:09:04 INFO  ds-algo:72 - <---------user is on Applications of Array page-------->
  2022-07-11 15:09:05 INFO  ds-algo:76 - All array links are clicked
  2022-07-11 15:09:06 INFO  ds-algo:87 - <--------user clicked practice questions link------->
  2022-07-11 15:09:06 INFO  ds-algo:89 - <--------user is on Search the array page------->
  2022-07-11 15:09:07 INFO  ds-algo:100 - <--------user is on Max Consecutive Ones page------->
  2022-07-11 15:09:08 INFO  ds-algo:111 - <--------user is on Find Numbers with Even Number of Digits page------->
  2022-07-11 15:09:08 INFO  ds-algo:122 - <--------user is on Squares of a Sorted Array page------->
  2022-07-11 15:09:15 INFO  ds-algo:26 - Tree page is clicked
  2022-07-11 15:09:15 INFO  ds-algo:29 - <---------user is on Overview of Trees--->
  2022-07-11 15:09:17 INFO  ds-algo:41 - <------------user is on Terminologies pages-------->
  2022-07-11 15:09:18 INFO  ds-algo:53 - <----------user is on Types of Trees pages------->
  2022-07-11 15:09:19 INFO  ds-algo:65 - <----------user is on Tree Traversals page --------->
  2022-07-11 15:09:20 INFO  ds-algo:77 - <-------user is on Traversals-Illustration page ---------->
  2022-07-11 15:09:21 INFO  ds-algo:89 - <-----------user is on Binary Trees page -------->
  2022-07-11 15:09:22 INFO  ds-algo:101 - <----------user is on Types of Binary Trees page ---------->
  2022-07-11 15:09:22 INFO  ds-algo:113 - <--------user is on Implementation in Python page --------->
  2022-07-11 15:09:23 INFO  ds-algo:125 - <------------user is on Binary Tree Traversals page --------->
  2022-07-11 15:09:24 INFO  ds-algo:137 - <---------user is on Implementation of Binary Trees --------->
  2022-07-11 15:09:25 INFO  ds-algo:149 - <--------user is on Applications of Binary trees --------->
  2022-07-11 15:09:27 INFO  ds-algo:161 - <-----------user is on Binary Search Trees page --------->
  2022-07-11 15:09:27 INFO  ds-algo:173 - <-------------user is on Implementation Of BST page ----------->
  2022-07-11 15:09:28 INFO  ds-algo:178 - <-----All Treepages links are clicked------>
  2022-07-11 15:09:34 INFO  ds-algo:47 - <--------user is on login page ---------->
  2022-07-11 15:09:35 INFO  ds-algo:54 - alert is validated for entering invalid credentials
  2022-07-11 15:09:37 INFO  ds-algo:16 - <--------user is on login page ---------->
  2022-07-11 15:09:37 INFO  ds-algo:23 - alert is validated for leaving the password is empty
  2022-07-11 15:09:40 INFO  ds-algo:32 - <--------user is on login page ---------->
  2022-07-11 15:09:40 INFO  ds-algo:39 - alert is validated for leaving the username is empty
  2022-07-11 16:34:53 INFO  ds-algo:23 - <-----Getstarted is clicked -------->
  2022-07-11 16:35:00 INFO  ds-algo:33 - <------Validated total no of panes in home page------>
  2022-07-11 16:35:00 INFO  ds-algo:45 - <------------Validated that the dropdown values are matches with expected values------>
  2022-07-11 16:35:01 INFO  ds-algo:58 - <---------User clicked Getstarted under array without log in -------->
  2022-07-11 16:35:02 INFO  ds-algo:71 - <---------User clicked dropdown value without log in -------->
  2022-07-11 16:35:02 INFO  ds-algo:79 - <----------user clicked sign in from home page ---------->
  2022-07-11 16:35:03 INFO  ds-algo:88 - <----------user clicked Register from home page ---------->
  2022-07-11 16:35:10 INFO  ds-algo:63 - user is on registration page
  2022-07-11 16:35:12 INFO  ds-algo:72 - validated alert for password mismatch
  2022-07-11 16:35:12 INFO  ds-algo:79 - user is on registration page
  2022-07-11 16:35:12 INFO  ds-algo:85 - validated alert for all empty fields
  2022-07-11 16:35:12 INFO  ds-algo:92 - user is on registration page
  2022-07-11 16:35:12 INFO  ds-algo:99 - validated alert for leaving the password and confirm passwords fields empty
  2022-07-11 16:35:12 INFO  ds-algo:107 - user is on registration page
  2022-07-11 16:35:13 INFO  ds-algo:115 - validated alert for leaving the confirm password field empty
  2022-07-11 16:35:25 INFO  ds-algo:21 - <--------user is on login page ---------->
  2022-07-11 16:35:28 INFO  ds-algo:21 - <--------user is on login page ---------->
  2022-07-11 16:35:31 INFO  ds-algo:21 - <--------user is on login page ---------->
  2022-07-11 16:35:35 INFO  ds-algo:21 - <--------user is on login page ---------->
  2022-07-11 16:35:46 INFO  ds-algo:29 - user is on Array page
  2022-07-11 16:35:47 INFO  ds-algo:32 - <---------user is on Arrays in Python page-------->
  2022-07-11 16:35:49 INFO  ds-algo:46 - <---------user is on Arrays Using List page-------->
  2022-07-11 16:35:51 INFO  ds-algo:59 - <---------user is on Basic Operations in Lists page-------->
  2022-07-11 16:35:52 INFO  ds-algo:72 - <---------user is on Applications of Array page-------->
  2022-07-11 16:35:54 INFO  ds-algo:76 - All array links are clicked
  2022-07-11 16:35:55 INFO  ds-algo:87 - <--------user clicked practice questions link------->
  2022-07-11 16:35:56 INFO  ds-algo:89 - <--------user is on Search the array page------->
  2022-07-11 16:35:57 INFO  ds-algo:100 - <--------user is on Max Consecutive Ones page------->
  2022-07-11 16:35:58 INFO  ds-algo:111 - <--------user is on Find Numbers with Even Number of Digits page------->
  2022-07-11 16:35:59 INFO  ds-algo:122 - <--------user is on Squares of a Sorted Array page------->
  2022-07-11 16:36:08 INFO  ds-algo:26 - Tree page is clicked
  2022-07-11 16:36:09 INFO  ds-algo:29 - <---------user is on Overview of Trees--->
  2022-07-11 16:36:11 INFO  ds-algo:41 - <------------user is on Terminologies pages-------->
  2022-07-11 16:36:12 INFO  ds-algo:53 - <----------user is on Types of Trees pages------->
  2022-07-11 16:36:14 INFO  ds-algo:65 - <----------user is on Tree Traversals page --------->
  2022-07-11 16:36:16 INFO  ds-algo:77 - <-------user is on Traversals-Illustration page ---------->
  2022-07-11 16:36:18 INFO  ds-algo:89 - <-----------user is on Binary Trees page -------->
  2022-07-11 16:36:19 INFO  ds-algo:101 - <----------user is on Types of Binary Trees page ---------->
  2022-07-11 16:36:20 INFO  ds-algo:113 - <--------user is on Implementation in Python page --------->
  2022-07-11 16:36:21 INFO  ds-algo:125 - <------------user is on Binary Tree Traversals page --------->
  2022-07-11 16:36:23 INFO  ds-algo:137 - <---------user is on Implementation of Binary Trees --------->
  2022-07-11 16:36:24 INFO  ds-algo:149 - <--------user is on Applications of Binary trees --------->
  2022-07-11 16:36:25 INFO  ds-algo:161 - <-----------user is on Binary Search Trees page --------->
  2022-07-11 16:36:27 INFO  ds-algo:173 - <-------------user is on Implementation Of BST page ----------->
  2022-07-11 16:36:28 INFO  ds-algo:178 - <-----All Treepages links are clicked------>
  2022-07-11 16:36:36 INFO  ds-algo:47 - <--------user is on login page ---------->
  2022-07-11 16:36:37 INFO  ds-algo:54 - alert is validated for entering invalid credentials
  2022-07-11 16:36:40 INFO  ds-algo:16 - <--------user is on login page ---------->
  2022-07-11 16:36:40 INFO  ds-algo:23 - alert is validated for leaving the password is empty
  2022-07-11 16:36:43 INFO  ds-algo:32 - <--------user is on login page ---------->
  2022-07-11 16:36:43 INFO  ds-algo:39 - alert is validated for leaving the username is empty
  